[debug] ----------------------------------------------------------------------
[debug] Command:      node /usr/bin/firebase deploy
[debug] CLI Version:  3.0.4
[debug] Platform:     linux
[debug] Node Version: v0.10.32
[debug] Time:         Thu Feb 09 2017 13:32:59 GMT-0800 (PST)
[debug] ----------------------------------------------------------------------
[debug] 
[debug] > command requires scopes: ["email","openid","https://www.googleapis.com/auth/cloudplatformprojects.readonly","https://www.googleapis.com/auth/firebase"]
[debug] >>> HTTP REQUEST GET https://admin.firebase.com/v1/projects/project-3992148008581994246 
[debug] <<< HTTP RESPONSE 200
[debug] >>> HTTP REQUEST GET https://admin.firebase.com/v1/database/project-3992148008581994246/tokens 
[debug] <<< HTTP RESPONSE 200
[info] 
[info] === Deploying to 'project-3992148008581994246'...
[info] 
[info] i  deploying database, hosting
[info] ✔  database: rules ready to deploy.
[info] i  hosting: preparing dist directory for upload...
[debug] >>> HTTP REQUEST PUT https://deploy.firebase.com/v1/hosting/project-3992148008581994246/uploads/-KcZmnhHZhGITFVrqOfK?fileCount=188&message= 
